# JRE version: OpenJDK Runtime Environment (8.0_242) (build 1.8.0_242-release-1644-b3-6915495)
# Java VM: OpenJDK 64-Bit Server VM (25.242-b3-6915495 mixed mode bsd-amd64 compressed oops)
Heap:
 PSYoungGen      total 370688K, used 234722K [0x0000000795580000, 0x00000007ade80000, 0x00000007c0000000)
  eden space 351232K, 66% used [0x0000000795580000,0x00000007a3ab89f8,0x00000007aac80000)
  from space 19456K, 0% used [0x00000007ac480000,0x00000007ac480000,0x00000007ad780000)
  to   space 24576K, 0% used [0x00000007aac80000,0x00000007aac80000,0x00000007ac480000)
 ParOldGen       total 122880K, used 35445K [0x0000000740000000, 0x0000000747800000, 0x0000000795580000)
  object space 122880K, 28% used [0x0000000740000000,0x000000074229d6e0,0x0000000747800000)
 Metaspace       used 69000K, capacity 72362K, committed 72600K, reserved 1112064K
  class space    used 9483K, capacity 10123K, committed 10160K, reserved 1048576K
GC Heap History (10 events):
Event: 4.029 GC heap before
{Heap before GC invocations=7 (full 1):
 PSYoungGen      total 138240K, used 39058K [0x0000000795580000, 0x00000007a5a00000, 0x00000007c0000000)
  eden space 133120K, 25% used [0x0000000795580000,0x00000007976a8ba0,0x000000079d780000)
  from space 5120K, 99% used [0x000000079d780000,0x000000079dc7c010,0x000000079dc80000)
  to   space 16896K, 0% used [0x00000007a4980000,0x00000007a4980000,0x00000007a5a00000)
 ParOldGen       total 58880K, used 19384K [0x0000000740000000, 0x0000000743980000, 0x0000000795580000)
  object space 58880K, 32% used [0x0000000740000000,0x00000007412ee108,0x0000000743980000)
 Metaspace       used 34324K, capacity 35422K, committed 35496K, reserved 1079296K
  class space    used 4715K, capacity 5004K, committed 5040K, reserved 1048576K
Event: 4.038 GC heap after
Heap after GC invocations=7 (full 1):
 PSYoungGen      total 250368K, used 7426K [0x0000000795580000, 0x00000007a5980000, 0x00000007c0000000)
  eden space 233984K, 0% used [0x0000000795580000,0x0000000795580000,0x00000007a3a00000)
  from space 16384K, 45% used [0x00000007a4980000,0x00000007a50c0ba8,0x00000007a5980000)
  to   space 15872K, 0% used [0x00000007a3a00000,0x00000007a3a00000,0x00000007a4980000)
 ParOldGen       total 58880K, used 19384K [0x0000000740000000, 0x0000000743980000, 0x0000000795580000)
  object space 58880K, 32% used [0x0000000740000000,0x00000007412ee108,0x0000000743980000)
 Metaspace       used 34324K, capacity 35422K, committed 35496K, reserved 1079296K
  class space    used 4715K, capacity 5004K, committed 5040K, reserved 1048576K
}
Event: 4.038 GC heap before
{Heap before GC invocations=8 (full 2):
 PSYoungGen      total 250368K, used 7426K [0x0000000795580000, 0x00000007a5980000, 0x00000007c0000000)
  eden space 233984K, 0% used [0x0000000795580000,0x0000000795580000,0x00000007a3a00000)
  from space 16384K, 45% used [0x00000007a4980000,0x00000007a50c0ba8,0x00000007a5980000)
  to   space 15872K, 0% used [0x00000007a3a00000,0x00000007a3a00000,0x00000007a4980000)
 ParOldGen       total 58880K, used 19384K [0x0000000740000000, 0x0000000743980000, 0x0000000795580000)
  object space 58880K, 32% used [0x0000000740000000,0x00000007412ee108,0x0000000743980000)
 Metaspace       used 34324K, capacity 35422K, committed 35496K, reserved 1079296K
  class space    used 4715K, capacity 5004K, committed 5040K, reserved 1048576K
Event: 4.090 GC heap after
Heap after GC invocations=8 (full 2):
 PSYoungGen      total 250368K, used 0K [0x0000000795580000, 0x00000007a5980000, 0x00000007c0000000)
  eden space 233984K, 0% used [0x0000000795580000,0x0000000795580000,0x00000007a3a00000)
  from space 16384K, 0% used [0x00000007a4980000,0x00000007a4980000,0x00000007a5980000)
  to   space 15872K, 0% used [0x00000007a3a00000,0x00000007a3a00000,0x00000007a4980000)
 ParOldGen       total 90624K, used 21250K [0x0000000740000000, 0x0000000745880000, 0x0000000795580000)
  object space 90624K, 23% used [0x0000000740000000,0x00000007414c09f8,0x0000000745880000)
 Metaspace       used 34324K, capacity 35422K, committed 35496K, reserved 1079296K
  class space    used 4715K, capacity 5004K, committed 5040K, reserved 1048576K
}
Event: 6.485 GC heap before
{Heap before GC invocations=9 (full 2):
 PSYoungGen      total 250368K, used 233984K [0x0000000795580000, 0x00000007a5980000, 0x00000007c0000000)
  eden space 233984K, 100% used [0x0000000795580000,0x00000007a3a00000,0x00000007a3a00000)
  from space 16384K, 0% used [0x00000007a4980000,0x00000007a4980000,0x00000007a5980000)
  to   space 15872K, 0% used [0x00000007a3a00000,0x00000007a3a00000,0x00000007a4980000)
 ParOldGen       total 90624K, used 21250K [0x0000000740000000, 0x0000000745880000, 0x0000000795580000)
  object space 90624K, 23% used [0x0000000740000000,0x00000007414c09f8,0x0000000745880000)
 Metaspace       used 46745K, capacity 48648K, committed 48936K, reserved 1091584K
  class space    used 6319K, capacity 6670K, committed 6704K, reserved 1048576K
Event: 6.500 GC heap after
Heap after GC invocations=9 (full 2):
 PSYoungGen      total 249856K, used 15862K [0x0000000795580000, 0x00000007ad780000, 0x00000007c0000000)
  eden space 233984K, 0% used [0x0000000795580000,0x0000000795580000,0x00000007a3a00000)
  from space 15872K, 99% used [0x00000007a3a00000,0x00000007a497d9d0,0x00000007a4980000)
  to   space 19456K, 0% used [0x00000007ac480000,0x00000007ac480000,0x00000007ad780000)
 ParOldGen       total 90624K, used 23657K [0x0000000740000000, 0x0000000745880000, 0x0000000795580000)
  object space 90624K, 26% used [0x0000000740000000,0x000000074171a570,0x0000000745880000)
 Metaspace       used 46745K, capacity 48648K, committed 48936K, reserved 1091584K
  class space    used 6319K, capacity 6670K, committed 6704K, reserved 1048576K
}
Event: 8.196 GC heap before
{Heap before GC invocations=10 (full 2):
 PSYoungGen      total 249856K, used 138099K [0x0000000795580000, 0x00000007ad780000, 0x00000007c0000000)
  eden space 233984K, 52% used [0x0000000795580000,0x000000079ccdf488,0x00000007a3a00000)
  from space 15872K, 99% used [0x00000007a3a00000,0x00000007a497d9d0,0x00000007a4980000)
  to   space 19456K, 0% used [0x00000007ac480000,0x00000007ac480000,0x00000007ad780000)
 ParOldGen       total 90624K, used 23657K [0x0000000740000000, 0x0000000745880000, 0x0000000795580000)
  object space 90624K, 26% used [0x0000000740000000,0x000000074171a570,0x0000000745880000)
 Metaspace       used 56674K, capacity 59086K, committed 59160K, reserved 1099776K
  class space    used 7747K, capacity 8220K, committed 8240K, reserved 1048576K
Event: 8.224 GC heap after
Heap after GC invocations=10 (full 2):
 PSYoungGen      total 370688K, used 19439K [0x0000000795580000, 0x00000007ade80000, 0x00000007c0000000)
  eden space 351232K, 0% used [0x0000000795580000,0x0000000795580000,0x00000007aac80000)
  from space 19456K, 99% used [0x00000007ac480000,0x00000007ad77be40,0x00000007ad780000)
  to   space 24576K, 0% used [0x00000007aac80000,0x00000007aac80000,0x00000007ac480000)
 ParOldGen       total 90624K, used 28053K [0x0000000740000000, 0x0000000745880000, 0x0000000795580000)
  object space 90624K, 30% used [0x0000000740000000,0x0000000741b657f8,0x0000000745880000)
 Metaspace       used 56674K, capacity 59086K, committed 59160K, reserved 1099776K
  class space    used 7747K, capacity 8220K, committed 8240K, reserved 1048576K
}
Event: 8.224 GC heap before
{Heap before GC invocations=11 (full 3):
 PSYoungGen      total 370688K, used 19439K [0x0000000795580000, 0x00000007ade80000, 0x00000007c0000000)
  eden space 351232K, 0% used [0x0000000795580000,0x0000000795580000,0x00000007aac80000)
  from space 19456K, 99% used [0x00000007ac480000,0x00000007ad77be40,0x00000007ad780000)
  to   space 24576K, 0% used [0x00000007aac80000,0x00000007aac80000,0x00000007ac480000)
 ParOldGen       total 90624K, used 28053K [0x0000000740000000, 0x0000000745880000, 0x0000000795580000)
  object space 90624K, 30% used [0x0000000740000000,0x0000000741b657f8,0x0000000745880000)
 Metaspace       used 56674K, capacity 59086K, committed 59160K, reserved 1099776K
  class space    used 7747K, capacity 8220K, committed 8240K, reserved 1048576K
Event: 8.338 GC heap after
Heap after GC invocations=11 (full 3):
 PSYoungGen      total 370688K, used 0K [0x0000000795580000, 0x00000007ade80000, 0x00000007c0000000)
  eden space 351232K, 0% used [0x0000000795580000,0x0000000795580000,0x00000007aac80000)
  from space 19456K, 0% used [0x00000007ac480000,0x00000007ac480000,0x00000007ad780000)
  to   space 24576K, 0% used [0x00000007aac80000,0x00000007aac80000,0x00000007ac480000)
 ParOldGen       total 122880K, used 35445K [0x0000000740000000, 0x0000000747800000, 0x0000000795580000)
  object space 122880K, 28% used [0x0000000740000000,0x000000074229d6e0,0x0000000747800000)
 Metaspace       used 56625K, capacity 58918K, committed 59160K, reserved 1099776K
  class space    used 7732K, capacity 8192K, committed 8240K, reserved 1048576K
}

