# JRE version: OpenJDK Runtime Environment (8.0_242) (build 1.8.0_242-release-1644-b3-6915495)
# Java VM: OpenJDK 64-Bit Server VM (25.242-b3-6915495 mixed mode bsd-amd64 compressed oops)
Heap:
 PSYoungGen      total 468480K, used 171031K [0x0000000795580000, 0x00000007b7680000, 0x00000007c0000000)
  eden space 429568K, 39% used [0x0000000795580000,0x000000079fc85e20,0x00000007af900000)
  from space 38912K, 0% used [0x00000007b3180000,0x00000007b3180000,0x00000007b5780000)
  to   space 57856K, 0% used [0x00000007af900000,0x00000007af900000,0x00000007b3180000)
 ParOldGen       total 203776K, used 76304K [0x0000000740000000, 0x000000074c700000, 0x0000000795580000)
  object space 203776K, 37% used [0x0000000740000000,0x0000000744a84210,0x000000074c700000)
 Metaspace       used 87944K, capacity 92172K, committed 93976K, reserved 1130496K
  class space    used 11775K, capacity 12576K, committed 13104K, reserved 1048576K
GC Heap History (10 events):
Event: 7.330 GC heap before
{Heap before GC invocations=10 (full 2):
 PSYoungGen      total 249344K, used 136798K [0x0000000795580000, 0x00000007ae000000, 0x00000007c0000000)
  eden space 233472K, 51% used [0x0000000795580000,0x000000079cb9bfb8,0x00000007a3980000)
  from space 15872K, 99% used [0x00000007a3980000,0x00000007a48fbb68,0x00000007a4900000)
  to   space 19968K, 0% used [0x00000007acc80000,0x00000007acc80000,0x00000007ae000000)
 ParOldGen       total 81408K, used 17292K [0x0000000740000000, 0x0000000744f80000, 0x0000000795580000)
  object space 81408K, 21% used [0x0000000740000000,0x00000007410e3290,0x0000000744f80000)
 Metaspace       used 56801K, capacity 59090K, committed 59160K, reserved 1099776K
  class space    used 7773K, capacity 8212K, committed 8240K, reserved 1048576K
Event: 7.353 GC heap after
Heap after GC invocations=10 (full 2):
 PSYoungGen      total 377856K, used 19967K [0x0000000795580000, 0x00000007ae300000, 0x00000007c0000000)
  eden space 357888K, 0% used [0x0000000795580000,0x0000000795580000,0x00000007ab300000)
  from space 19968K, 99% used [0x00000007acc80000,0x00000007adfffd80,0x00000007ae000000)
  to   space 24576K, 0% used [0x00000007ab300000,0x00000007ab300000,0x00000007acb00000)
 ParOldGen       total 81408K, used 21147K [0x0000000740000000, 0x0000000744f80000, 0x0000000795580000)
  object space 81408K, 25% used [0x0000000740000000,0x00000007414a6e70,0x0000000744f80000)
 Metaspace       used 56801K, capacity 59090K, committed 59160K, reserved 1099776K
  class space    used 7773K, capacity 8212K, committed 8240K, reserved 1048576K
}
Event: 7.353 GC heap before
{Heap before GC invocations=11 (full 3):
 PSYoungGen      total 377856K, used 19967K [0x0000000795580000, 0x00000007ae300000, 0x00000007c0000000)
  eden space 357888K, 0% used [0x0000000795580000,0x0000000795580000,0x00000007ab300000)
  from space 19968K, 99% used [0x00000007acc80000,0x00000007adfffd80,0x00000007ae000000)
  to   space 24576K, 0% used [0x00000007ab300000,0x00000007ab300000,0x00000007acb00000)
 ParOldGen       total 81408K, used 21147K [0x0000000740000000, 0x0000000744f80000, 0x0000000795580000)
  object space 81408K, 25% used [0x0000000740000000,0x00000007414a6e70,0x0000000744f80000)
 Metaspace       used 56801K, capacity 59090K, committed 59160K, reserved 1099776K
  class space    used 7773K, capacity 8212K, committed 8240K, reserved 1048576K
Event: 7.487 GC heap after
Heap after GC invocations=11 (full 3):
 PSYoungGen      total 377856K, used 0K [0x0000000795580000, 0x00000007ae300000, 0x00000007c0000000)
  eden space 357888K, 0% used [0x0000000795580000,0x0000000795580000,0x00000007ab300000)
  from space 19968K, 0% used [0x00000007acc80000,0x00000007acc80000,0x00000007ae000000)
  to   space 24576K, 0% used [0x00000007ab300000,0x00000007ab300000,0x00000007acb00000)
 ParOldGen       total 119296K, used 35405K [0x0000000740000000, 0x0000000747480000, 0x0000000795580000)
  object space 119296K, 29% used [0x0000000740000000,0x00000007422937e0,0x0000000747480000)
 Metaspace       used 56765K, capacity 58970K, committed 59160K, reserved 1099776K
  class space    used 7762K, capacity 8192K, committed 8240K, reserved 1048576K
}
Event: 13.812 GC heap before
{Heap before GC invocations=12 (full 3):
 PSYoungGen      total 377856K, used 357888K [0x0000000795580000, 0x00000007ae300000, 0x00000007c0000000)
  eden space 357888K, 100% used [0x0000000795580000,0x00000007ab300000,0x00000007ab300000)
  from space 19968K, 0% used [0x00000007acc80000,0x00000007acc80000,0x00000007ae000000)
  to   space 24576K, 0% used [0x00000007ab300000,0x00000007ab300000,0x00000007acb00000)
 ParOldGen       total 119296K, used 35405K [0x0000000740000000, 0x0000000747480000, 0x0000000795580000)
  object space 119296K, 29% used [0x0000000740000000,0x00000007422937e0,0x0000000747480000)
 Metaspace       used 74313K, capacity 78166K, committed 78360K, reserved 1116160K
  class space    used 10226K, capacity 10931K, committed 11056K, reserved 1048576K
Event: 13.856 GC heap after
Heap after GC invocations=12 (full 3):
 PSYoungGen      total 382464K, used 24557K [0x0000000795580000, 0x00000007b5780000, 0x00000007c0000000)
  eden space 357888K, 0% used [0x0000000795580000,0x0000000795580000,0x00000007ab300000)
  from space 24576K, 99% used [0x00000007ab300000,0x00000007acafb6c0,0x00000007acb00000)
  to   space 38912K, 0% used [0x00000007b3180000,0x00000007b3180000,0x00000007b5780000)
 ParOldGen       total 119296K, used 60985K [0x0000000740000000, 0x0000000747480000, 0x0000000795580000)
  object space 119296K, 51% used [0x0000000740000000,0x0000000743b8e550,0x0000000747480000)
 Metaspace       used 74313K, capacity 78166K, committed 78360K, reserved 1116160K
  class space    used 10226K, capacity 10931K, committed 11056K, reserved 1048576K
}
Event: 18.275 GC heap before
{Heap before GC invocations=13 (full 3):
 PSYoungGen      total 382464K, used 382445K [0x0000000795580000, 0x00000007b5780000, 0x00000007c0000000)
  eden space 357888K, 100% used [0x0000000795580000,0x00000007ab300000,0x00000007ab300000)
  from space 24576K, 99% used [0x00000007ab300000,0x00000007acafb6c0,0x00000007acb00000)
  to   space 38912K, 0% used [0x00000007b3180000,0x00000007b3180000,0x00000007b5780000)
 ParOldGen       total 119296K, used 60986K [0x0000000740000000, 0x0000000747480000, 0x0000000795580000)
  object space 119296K, 51% used [0x0000000740000000,0x0000000743b8eb18,0x0000000747480000)
 Metaspace       used 84514K, capacity 89704K, committed 90008K, reserved 1126400K
  class space    used 11718K, capacity 12660K, committed 12720K, reserved 1048576K
Event: 18.320 GC heap after
Heap after GC invocations=13 (full 3):
 PSYoungGen      total 468480K, used 38903K [0x0000000795580000, 0x00000007b7680000, 0x00000007c0000000)
  eden space 429568K, 0% used [0x0000000795580000,0x0000000795580000,0x00000007af900000)
  from space 38912K, 99% used [0x00000007b3180000,0x00000007b577df50,0x00000007b5780000)
  to   space 57856K, 0% used [0x00000007af900000,0x00000007af900000,0x00000007b3180000)
 ParOldGen       total 119296K, used 95037K [0x0000000740000000, 0x0000000747480000, 0x0000000795580000)
  object space 119296K, 79% used [0x0000000740000000,0x0000000745ccf600,0x0000000747480000)
 Metaspace       used 84514K, capacity 89704K, committed 90008K, reserved 1126400K
  class space    used 11718K, capacity 12660K, committed 12720K, reserved 1048576K
}
Event: 18.320 GC heap before
{Heap before GC invocations=14 (full 4):
 PSYoungGen      total 468480K, used 38903K [0x0000000795580000, 0x00000007b7680000, 0x00000007c0000000)
  eden space 429568K, 0% used [0x0000000795580000,0x0000000795580000,0x00000007af900000)
  from space 38912K, 99% used [0x00000007b3180000,0x00000007b577df50,0x00000007b5780000)
  to   space 57856K, 0% used [0x00000007af900000,0x00000007af900000,0x00000007b3180000)
 ParOldGen       total 119296K, used 95037K [0x0000000740000000, 0x0000000747480000, 0x0000000795580000)
  object space 119296K, 79% used [0x0000000740000000,0x0000000745ccf600,0x0000000747480000)
 Metaspace       used 84514K, capacity 89704K, committed 90008K, reserved 1126400K
  class space    used 11718K, capacity 12660K, committed 12720K, reserved 1048576K
Event: 18.462 GC heap after
Heap after GC invocations=14 (full 4):
 PSYoungGen      total 468480K, used 0K [0x0000000795580000, 0x00000007b7680000, 0x00000007c0000000)
  eden space 429568K, 0% used [0x0000000795580000,0x0000000795580000,0x00000007af900000)
  from space 38912K, 0% used [0x00000007b3180000,0x00000007b3180000,0x00000007b5780000)
  to   space 57856K, 0% used [0x00000007af900000,0x00000007af900000,0x00000007b3180000)
 ParOldGen       total 203776K, used 76304K [0x0000000740000000, 0x000000074c700000, 0x0000000795580000)
  object space 203776K, 37% used [0x0000000740000000,0x0000000744a84210,0x000000074c700000)
 Metaspace       used 83777K, capacity 87826K, committed 90008K, reserved 1126400K
  class space    used 11463K, capacity 12207K, committed 12720K, reserved 1048576K
}

