# JRE version: OpenJDK Runtime Environment (8.0_242) (build 1.8.0_242-release-1644-b3-6915495)
# Java VM: OpenJDK 64-Bit Server VM (25.242-b3-6915495 mixed mode bsd-amd64 compressed oops)
Heap:
 PSYoungGen      total 270848K, used 65126K [0x0000000795580000, 0x00000007a9900000, 0x00000007c0000000)
  eden space 240128K, 14% used [0x0000000795580000,0x000000079778cb48,0x00000007a4000000)
  from space 30720K, 98% used [0x00000007a4880000,0x00000007a660ccb8,0x00000007a6680000)
  to   space 45568K, 0% used [0x00000007a6c80000,0x00000007a6c80000,0x00000007a9900000)
 ParOldGen       total 182784K, used 60220K [0x0000000740000000, 0x000000074b280000, 0x0000000795580000)
  object space 182784K, 32% used [0x0000000740000000,0x0000000743acf238,0x000000074b280000)
 Metaspace       used 116229K, capacity 125150K, committed 125208K, reserved 1159168K
  class space    used 14840K, capacity 16390K, committed 16432K, reserved 1048576K
GC Heap History (10 events):
Event: 7367.582 GC heap before
{Heap before GC invocations=37 (full 4):
 PSYoungGen      total 324096K, used 320655K [0x0000000795580000, 0x00000007ace80000, 0x00000007c0000000)
  eden space 286720K, 100% used [0x0000000795580000,0x00000007a6d80000,0x00000007a6d80000)
  from space 37376K, 90% used [0x00000007aaa00000,0x00000007acb23c70,0x00000007ace80000)
  to   space 49664K, 0% used [0x00000007a6d80000,0x00000007a6d80000,0x00000007a9e00000)
 ParOldGen       total 182784K, used 59212K [0x0000000740000000, 0x000000074b280000, 0x0000000795580000)
  object space 182784K, 32% used [0x0000000740000000,0x00000007439d3238,0x000000074b280000)
 Metaspace       used 115675K, capacity 124732K, committed 124952K, reserved 1157120K
  class space    used 14834K, capacity 16389K, committed 16432K, reserved 1048576K
Event: 7368.066 GC heap after
Heap after GC invocations=37 (full 4):
 PSYoungGen      total 311296K, used 34708K [0x0000000795580000, 0x00000007ac780000, 0x00000007c0000000)
  eden space 276480K, 0% used [0x0000000795580000,0x0000000795580000,0x00000007a6380000)
  from space 34816K, 99% used [0x00000007a6d80000,0x00000007a8f652a0,0x00000007a8f80000)
  to   space 51200K, 0% used [0x00000007a9580000,0x00000007a9580000,0x00000007ac780000)
 ParOldGen       total 182784K, used 59732K [0x0000000740000000, 0x000000074b280000, 0x0000000795580000)
  object space 182784K, 32% used [0x0000000740000000,0x0000000743a55238,0x000000074b280000)
 Metaspace       used 115675K, capacity 124732K, committed 124952K, reserved 1157120K
  class space    used 14834K, capacity 16389K, committed 16432K, reserved 1048576K
}
Event: 7555.777 GC heap before
{Heap before GC invocations=38 (full 4):
 PSYoungGen      total 311296K, used 311188K [0x0000000795580000, 0x00000007ac780000, 0x00000007c0000000)
  eden space 276480K, 100% used [0x0000000795580000,0x00000007a6380000,0x00000007a6380000)
  from space 34816K, 99% used [0x00000007a6d80000,0x00000007a8f652a0,0x00000007a8f80000)
  to   space 51200K, 0% used [0x00000007a9580000,0x00000007a9580000,0x00000007ac780000)
 ParOldGen       total 182784K, used 59732K [0x0000000740000000, 0x000000074b280000, 0x0000000795580000)
  object space 182784K, 32% used [0x0000000740000000,0x0000000743a55238,0x000000074b280000)
 Metaspace       used 115747K, capacity 124738K, committed 124952K, reserved 1157120K
  class space    used 14834K, capacity 16390K, committed 16432K, reserved 1048576K
Event: 7556.085 GC heap after
Heap after GC invocations=38 (full 4):
 PSYoungGen      total 305152K, used 27015K [0x0000000795580000, 0x00000007abb00000, 0x00000007c0000000)
  eden space 266752K, 0% used [0x0000000795580000,0x0000000795580000,0x00000007a5a00000)
  from space 38400K, 70% used [0x00000007a9580000,0x00000007aafe1f80,0x00000007abb00000)
  to   space 49664K, 0% used [0x00000007a5a00000,0x00000007a5a00000,0x00000007a8a80000)
 ParOldGen       total 182784K, used 59836K [0x0000000740000000, 0x000000074b280000, 0x0000000795580000)
  object space 182784K, 32% used [0x0000000740000000,0x0000000743a6f238,0x000000074b280000)
 Metaspace       used 115747K, capacity 124738K, committed 124952K, reserved 1157120K
  class space    used 14834K, capacity 16390K, committed 16432K, reserved 1048576K
}
Event: 7949.939 GC heap before
{Heap before GC invocations=39 (full 4):
 PSYoungGen      total 305152K, used 293767K [0x0000000795580000, 0x00000007abb00000, 0x00000007c0000000)
  eden space 266752K, 100% used [0x0000000795580000,0x00000007a5a00000,0x00000007a5a00000)
  from space 38400K, 70% used [0x00000007a9580000,0x00000007aafe1f80,0x00000007abb00000)
  to   space 49664K, 0% used [0x00000007a5a00000,0x00000007a5a00000,0x00000007a8a80000)
 ParOldGen       total 182784K, used 59836K [0x0000000740000000, 0x000000074b280000, 0x0000000795580000)
  object space 182784K, 32% used [0x0000000740000000,0x0000000743a6f238,0x000000074b280000)
 Metaspace       used 115941K, capacity 124930K, committed 125208K, reserved 1159168K
  class space    used 14834K, capacity 16390K, committed 16432K, reserved 1048576K
Event: 7950.155 GC heap after
Heap after GC invocations=39 (full 4):
 PSYoungGen      total 284160K, used 26173K [0x0000000795580000, 0x00000007aae00000, 0x00000007c0000000)
  eden space 257536K, 0% used [0x0000000795580000,0x0000000795580000,0x00000007a5100000)
  from space 26624K, 98% used [0x00000007a5a00000,0x00000007a738f400,0x00000007a7400000)
  to   space 47616K, 0% used [0x00000007a7f80000,0x00000007a7f80000,0x00000007aae00000)
 ParOldGen       total 182784K, used 60092K [0x0000000740000000, 0x000000074b280000, 0x0000000795580000)
  object space 182784K, 32% used [0x0000000740000000,0x0000000743aaf238,0x000000074b280000)
 Metaspace       used 115941K, capacity 124930K, committed 125208K, reserved 1159168K
  class space    used 14834K, capacity 16390K, committed 16432K, reserved 1048576K
}
Event: 8205.688 GC heap before
{Heap before GC invocations=40 (full 4):
 PSYoungGen      total 284160K, used 283709K [0x0000000795580000, 0x00000007aae00000, 0x00000007c0000000)
  eden space 257536K, 100% used [0x0000000795580000,0x00000007a5100000,0x00000007a5100000)
  from space 26624K, 98% used [0x00000007a5a00000,0x00000007a738f400,0x00000007a7400000)
  to   space 47616K, 0% used [0x00000007a7f80000,0x00000007a7f80000,0x00000007aae00000)
 ParOldGen       total 182784K, used 60092K [0x0000000740000000, 0x000000074b280000, 0x0000000795580000)
  object space 182784K, 32% used [0x0000000740000000,0x0000000743aaf238,0x000000074b280000)
 Metaspace       used 116017K, capacity 125066K, committed 125208K, reserved 1159168K
  class space    used 14834K, capacity 16390K, committed 16432K, reserved 1048576K
Event: 8205.880 GC heap after
Heap after GC invocations=40 (full 4):
 PSYoungGen      total 283648K, used 22931K [0x0000000795580000, 0x00000007aa180000, 0x00000007c0000000)
  eden space 248832K, 0% used [0x0000000795580000,0x0000000795580000,0x00000007a4880000)
  from space 34816K, 65% used [0x00000007a7f80000,0x00000007a95e4c70,0x00000007aa180000)
  to   space 45568K, 0% used [0x00000007a4880000,0x00000007a4880000,0x00000007a7500000)
 ParOldGen       total 182784K, used 60156K [0x0000000740000000, 0x000000074b280000, 0x0000000795580000)
  object space 182784K, 32% used [0x0000000740000000,0x0000000743abf238,0x000000074b280000)
 Metaspace       used 116017K, capacity 125066K, committed 125208K, reserved 1159168K
  class space    used 14834K, capacity 16390K, committed 16432K, reserved 1048576K
}
Event: 8541.249 GC heap before
{Heap before GC invocations=41 (full 4):
 PSYoungGen      total 283648K, used 271763K [0x0000000795580000, 0x00000007aa180000, 0x00000007c0000000)
  eden space 248832K, 100% used [0x0000000795580000,0x00000007a4880000,0x00000007a4880000)
  from space 34816K, 65% used [0x00000007a7f80000,0x00000007a95e4c70,0x00000007aa180000)
  to   space 45568K, 0% used [0x00000007a4880000,0x00000007a4880000,0x00000007a7500000)
 ParOldGen       total 182784K, used 60156K [0x0000000740000000, 0x000000074b280000, 0x0000000795580000)
  object space 182784K, 32% used [0x0000000740000000,0x0000000743abf238,0x000000074b280000)
 Metaspace       used 116209K, capacity 125150K, committed 125208K, reserved 1159168K
  class space    used 14840K, capacity 16390K, committed 16432K, reserved 1048576K
Event: 8541.307 GC heap after
Heap after GC invocations=41 (full 4):
 PSYoungGen      total 270848K, used 30259K [0x0000000795580000, 0x00000007a9900000, 0x00000007c0000000)
  eden space 240128K, 0% used [0x0000000795580000,0x0000000795580000,0x00000007a4000000)
  from space 30720K, 98% used [0x00000007a4880000,0x00000007a660ccb8,0x00000007a6680000)
  to   space 45568K, 0% used [0x00000007a6c80000,0x00000007a6c80000,0x00000007a9900000)
 ParOldGen       total 182784K, used 60220K [0x0000000740000000, 0x000000074b280000, 0x0000000795580000)
  object space 182784K, 32% used [0x0000000740000000,0x0000000743acf238,0x000000074b280000)
 Metaspace       used 116209K, capacity 125150K, committed 125208K, reserved 1159168K
  class space    used 14840K, capacity 16390K, committed 16432K, reserved 1048576K
}

